<?xml version="1.0" encoding="UTF-8"?>
<testng-results ignored="0" total="1" passed="1" failed="0" skipped="0">
  <reporter-output>
  </reporter-output>
  <suite started-at="2023-05-12T07:56:02 IST" name="Default suite" finished-at="2023-05-12T07:56:09 IST" duration-ms="7486">
    <groups>
    </groups>
    <test started-at="2023-05-12T07:56:02 IST" name="Default test" finished-at="2023-05-12T07:56:09 IST" duration-ms="7486">
      <class name="Testng.ramkumar.webdriver">
        <test-method signature="web()[pri:0, instance:Testng.ramkumar.webdriver@5524cca1]" started-at="2023-05-12T07:56:02 IST" name="web" finished-at="2023-05-12T07:56:09 IST" duration-ms="7360" status="PASS">
          <reporter-output>
          </reporter-output>
        </test-method> <!-- web -->
      </class> <!-- Testng.ramkumar.webdriver -->
    </test> <!-- Default test -->
  </suite> <!-- Default suite -->
</testng-results>
